nohup: ignoring input
Error: Unable to access jarfile Strategy_Daile.jar
nohup: ignoring input
PONG
1358630791163cad469-35e0-4f30-bf5b-3d1ba8247e25_thread0
8765432163cad469-35e0-4f30-bf5b-3d1ba8247e25_thread1
###########UNALLOCATED_NUMBER**********
1234567863cad469-35e0-4f30-bf5b-3d1ba8247e25_thread1
###########UNALLOCATED_NUMBER**********
###########UUID:ec706aea-5645-43ab-bdb6-fd60e58d6cb6**********
$$$$$$$bd31f295-626e-4017-8a3f-752af55ba77e&&&&&&&
LY20181010000002
Speech:{result:"nomatch",speech:""}
count=0
Speech:{result:"nomatch",speech:""}
count=1
Speech:{result:"nomatch",speech:""}
count=2
Speech:{result:"text",speech:"喂你好"}
count=3
1885830645763cad469-35e0-4f30-bf5b-3d1ba8247e25_thread0
###########UUID:d348db06-92c6-4eb8-8773-3e46c8bea9a8**********
$$$$$$$bd31f295-626e-4017-8a3f-752af55ba77e&&&&&&&
LY20181010000002
Speech:null
count=0
disconnect
disconnect
1885830645763cad469-35e0-4f30-bf5b-3d1ba8247e25_thread0
###########UUID:a7e1cd51-5ac5-4bec-8f32-79af458beaf1**********
$$$$$$$bd31f295-626e-4017-8a3f-752af55ba77e&&&&&&&
LY20181010000002
Speech:{result:"text",speech:"我没有用过"}
LY20181025000018
Speech:{result:"text",speech:"你是哪里"}
LY20181025000001
Speech:null
count=0
disconnect
disconnect
1885830645763cad469-35e0-4f30-bf5b-3d1ba8247e25_thread0
###########UUID:dd13f3cc-e8a2-466d-aa9e-6dc5c51ba8fa**********
$$$$$$$bd31f295-626e-4017-8a3f-752af55ba77e&&&&&&&
LY20181010000002
Speech:{result:"text",speech:"不需要"}
LY20181025000018
Speech:null
count=0
disconnect
disconnect
1885830645763cad469-35e0-4f30-bf5b-3d1ba8247e25_thread0
###########UUID:70a466c6-8a49-420c-b6b4-a12c28e260de**********
$$$$$$$bd31f295-626e-4017-8a3f-752af55ba77e&&&&&&&
LY20181010000002
Speech:{result:"text",speech:"错错错"}
count=0
Speech:{result:"text",speech:"不要再"}
count=1
Speech:{result:"text",speech:"要不要不要"}
count=2
Speech:{result:"nomatch",speech:""}
count=3
1851636872863cad469-35e0-4f30-bf5b-3d1ba8247e25_thread1
###########UUID:3388786f-3531-403e-8620-03038ab47767**********
$$$$$$$bd31f295-626e-4017-8a3f-752af55ba77e&&&&&&&
LY20181010000002
Speech:null
count=0
disconnect
disconnect
1851636872863cad469-35e0-4f30-bf5b-3d1ba8247e25_thread0
###########UUID:80c7df16-a325-4673-b85e-0effd950cd4b**********
$$$$$$$bd31f295-626e-4017-8a3f-752af55ba77e&&&&&&&
LY20181010000002
Speech:{result:"text",speech:"在哪里"}
count=0
Speech:{result:"nomatch",speech:""}
count=1
Speech:{result:"text",speech:"我有用到"}
LY20181011000001
1851636872863cad469-35e0-4f30-bf5b-3d1ba8247e25_thread1
###########UUID:e963b43f-a1d7-4a39-99f0-d52c0bed461f**********
$$$$$$$bd31f295-626e-4017-8a3f-752af55ba77e&&&&&&&
LY20181010000002
Speech:{result:"nomatch",speech:""}
count=0
Speech:{result:"text",speech:"我用不到"}
count=1
Speech:{result:"text",speech:"我用不到"}
count=2
Speech:{result:"text",speech:"我有需要"}
LY20181011000001
1801735092863cad469-35e0-4f30-bf5b-3d1ba8247e25_thread1
###########UUID:b900dfe4-8a42-4a2a-956a-d6fd8943e07c**********
$$$$$$$bd31f295-626e-4017-8a3f-752af55ba77e&&&&&&&
LY20181010000002
Speech:null
count=0
disconnect
disconnect
1801735092863cad469-35e0-4f30-bf5b-3d1ba8247e25_thread1
###########UUID:dd9e1e87-1d91-45af-ac12-1f8bf60067d3**********
$$$$$$$bd31f295-626e-4017-8a3f-752af55ba77e&&&&&&&
LY20181010000002
Speech:{result:"text",speech:"是哪里呀"}
LY20181025000001
Speech:{result:"nomatch",speech:""}
count=0
Speech:{result:"nomatch",speech:""}
count=1
Speech:{result:"text",speech:"你们是哪里呀"}
LY20181025000001
Speech:{result:"nomatch",speech:""}
count=2
Speech:{result:"text",speech:"好的知道了"}
count=3
1801863450263cad469-35e0-4f30-bf5b-3d1ba8247e25_thread1
###########UUID:91d9da5f-5286-4039-b0e4-46373691e9f9**********
$$$$$$$bd31f295-626e-4017-8a3f-752af55ba77e&&&&&&&
LY20181010000002
Speech:{result:"nomatch",speech:""}
count=0
Speech:null
count=1
disconnect
disconnect
1801863450263cad469-35e0-4f30-bf5b-3d1ba8247e25_thread1
###########UUID:0c0ef837-8805-450e-8cd8-1dfb06c52623**********
$$$$$$$bd31f295-626e-4017-8a3f-752af55ba77e&&&&&&&
LY20181010000002
disconnect
disconnect
Error: Unable to access jarfile Strategy_Daile.jar
nohup: ignoring input
Error: Unable to access jarfile Strategy_Daile.jar
nohup: ignoring input
PONG
1801863450263cad469-35e0-4f30-bf5b-3d1ba8247e25_thread0
1801863450263cad469-35e0-4f30-bf5b-3d1ba8247e25_thread1
###########TIMEOUT**********
###########UUID:cf3d606b-05bc-4d19-af9b-127bbce9ae27**********
$$$$$$$bd31f295-626e-4017-8a3f-752af55ba77e&&&&&&&
LY20181010000002
Speech:{result:"nomatch",speech:""}
count=0
Speech:{result:"text",speech:"你是哪里"}
LY20181025000001
Speech:{result:"text",speech:"有什么技术资料吗"}
count=1
Speech:{result:"text",speech:"你们有什么介绍资料吗"}
LY20181025000005
Speech:{result:"text",speech:"退款如何使用"}
count=2
Speech:{result:"nomatch",speech:""}
count=3
1885830645763cad469-35e0-4f30-bf5b-3d1ba8247e25_thread1
###########UUID:82ca1439-01e2-4ff4-ae3a-826cef415c99**********
$$$$$$$bd31f295-626e-4017-8a3f-752af55ba77e&&&&&&&
LY20181010000002
Speech:null
count=0
disconnect
disconnect
1885830645763cad469-35e0-4f30-bf5b-3d1ba8247e25_thread1
###########UUID:870bf097-424b-421e-a3d4-7b5f4b79bb48**********
$$$$$$$bd31f295-626e-4017-8a3f-752af55ba77e&&&&&&&
LY20181010000002
Speech:{result:"nomatch",speech:""}
count=0
Speech:{result:"nomatch",speech:""}
count=1
Speech:null
count=2
disconnect
disconnect
1885830645763cad469-35e0-4f30-bf5b-3d1ba8247e25_thread1
###########UUID:fc5d4867-22c0-4d8d-8889-01b69ee6d503**********
$$$$$$$bd31f295-626e-4017-8a3f-752af55ba77e&&&&&&&
LY20181010000002
Speech:{result:"nomatch",speech:""}
count=0
Speech:{result:"nomatch",speech:""}
count=1
Speech:{result:"nomatch",speech:""}
count=2
Speech:{result:"nomatch",speech:""}
count=3
1885830645763cad469-35e0-4f30-bf5b-3d1ba8247e25_thread0
###########UUID:8d36b542-e78f-441a-bebe-a7eee17682e7**********
$$$$$$$bd31f295-626e-4017-8a3f-752af55ba77e&&&&&&&
LY20181010000002
Speech:{result:"nomatch",speech:""}
count=0
Speech:{result:"text",speech:"你是哪里"}
LY20181025000001
Speech:{result:"nomatch",speech:""}
count=1
Speech:{result:"text",speech:"不用了谢谢"}
count=2
Speech:{result:"text",speech:"不用了"}
count=3
1885830645763cad469-35e0-4f30-bf5b-3d1ba8247e25_thread1
###########UUID:9544b539-1474-4b53-b03b-7a942ee6d6a0**********
$$$$$$$bd31f295-626e-4017-8a3f-752af55ba77e&&&&&&&
LY20181010000002
Speech:null
count=0
disconnect
disconnect

线程map长度：0
队列map长度：0
Error: Unable to access jarfile Staregy_Diale.jar
Error: Unable to access jarfile Stategy_Diale.jar
Exception in thread "main" java.lang.ExceptionInInitializerError
	at com.strategy.call.TaskTzManager.<clinit>(TaskTzManager.java:42)
Caused by: redis.clients.jedis.exceptions.JedisConnectionException: java.net.SocketTimeoutException: connect timed out
	at redis.clients.jedis.Connection.connect(Connection.java:207)
	at redis.clients.jedis.BinaryClient.connect(BinaryClient.java:93)
	at redis.clients.jedis.Connection.sendCommand(Connection.java:126)
	at redis.clients.jedis.Connection.sendCommand(Connection.java:117)
	at redis.clients.jedis.BinaryClient.auth(BinaryClient.java:564)
	at redis.clients.jedis.BinaryJedis.auth(BinaryJedis.java:2138)
	at com.strategy.tools.RedisUtils.<clinit>(RedisUtils.java:15)
	... 1 more
Caused by: java.net.SocketTimeoutException: connect timed out
	at java.net.PlainSocketImpl.socketConnect(Native Method)
	at java.net.AbstractPlainSocketImpl.doConnect(AbstractPlainSocketImpl.java:350)
	at java.net.AbstractPlainSocketImpl.connectToAddress(AbstractPlainSocketImpl.java:206)
	at java.net.AbstractPlainSocketImpl.connect(AbstractPlainSocketImpl.java:188)
	at java.net.SocksSocketImpl.connect(SocksSocketImpl.java:392)
	at java.net.Socket.connect(Socket.java:589)
	at redis.clients.jedis.Connection.connect(Connection.java:184)
	... 7 more
Exception in thread "main" java.lang.ExceptionInInitializerError
	at com.strategy.call.TaskTzManager.<clinit>(TaskTzManager.java:42)
Caused by: redis.clients.jedis.exceptions.JedisConnectionException: java.net.SocketTimeoutException: connect timed out
	at redis.clients.jedis.Connection.connect(Connection.java:207)
	at redis.clients.jedis.BinaryClient.connect(BinaryClient.java:93)
	at redis.clients.jedis.Connection.sendCommand(Connection.java:126)
	at redis.clients.jedis.Connection.sendCommand(Connection.java:117)
	at redis.clients.jedis.BinaryClient.auth(BinaryClient.java:564)
	at redis.clients.jedis.BinaryJedis.auth(BinaryJedis.java:2138)
	at com.strategy.tools.RedisUtils.<clinit>(RedisUtils.java:15)
	... 1 more
Caused by: java.net.SocketTimeoutException: connect timed out
	at java.net.PlainSocketImpl.socketConnect(Native Method)
	at java.net.AbstractPlainSocketImpl.doConnect(AbstractPlainSocketImpl.java:350)
	at java.net.AbstractPlainSocketImpl.connectToAddress(AbstractPlainSocketImpl.java:206)
	at java.net.AbstractPlainSocketImpl.connect(AbstractPlainSocketImpl.java:188)
	at java.net.SocksSocketImpl.connect(SocksSocketImpl.java:392)
	at java.net.Socket.connect(Socket.java:589)
	at redis.clients.jedis.Connection.connect(Connection.java:184)
	... 7 more
PONG
1896474709263cad469-35e0-4f30-bf5b-3d1ba8247e25_thread0
###########UUID:aea01ed3-8889-4bb5-b685-f793ef189405**********
$$$$$$$bd31f295-626e-4017-8a3f-752af55ba77e&&&&&&&
LY20181010000002
Speech:{result:"nomatch",speech:""}
count=0
Speech:null
count=1
disconnect
disconnect
1896474709263cad469-35e0-4f30-bf5b-3d1ba8247e25_thread0
###########UUID:00ba39c0-fdc4-4598-8225-b2524130dc0e**********
$$$$$$$bd31f295-626e-4017-8a3f-752af55ba77e&&&&&&&
LY20181010000002
Speech:{result:"text",speech:"付款方式如何"}
LY20181025000008
Speech:{result:"text",speech:"你们是干什么呢"}
count=0
Speech:{result:"text",speech:"你电话多少"}
LY20181025000023
Speech:{result:"text",speech:"什么公司"}
LY20181025000001
Speech:null
count=1
disconnect
disconnect
PONG
PONG
1896474709263cad469-35e0-4f30-bf5b-3d1ba8247e25_thread0
###########UUID:7ef2caaf-2163-460a-ae5d-a1575e0662e6**********
$$$$$$$bd31f295-626e-4017-8a3f-752af55ba77e&&&&&&&
LY20181010000002
Speech:{result:"text",speech:"付款方式如何"}
LY20181025000008
Speech:{result:"text",speech:"你电话多少"}
LY20181025000023
disconnect
disconnect
1896474709263cad469-35e0-4f30-bf5b-3d1ba8247e25_thread0
###########UUID:b7417f80-1138-4f35-8a3f-02654f46dece**********
$$$$$$$bd31f295-626e-4017-8a3f-752af55ba77e&&&&&&&
LY20181010000002
Speech:{result:"text",speech:"你电话多少"}
LY20181025000023
Speech:{result:"text",speech:"付款方式如何"}
LY20181025000008
Speech:null
count=0
disconnect
disconnect

线程map长度：0
队列map长度：0
1851636872863cad469-35e0-4f30-bf5b-3d1ba8247e25_thread0
null63cad469-35e0-4f30-bf5b-3d1ba8247e25_thread1
java.lang.NullPointerException
	at org.freeswitch.esl.client.dialer.originate(dialer.java:124)
	at org.freeswitch.esl.client.dialer.originate(dialer.java:96)
	at com.strategy.call.CallTableTask_Robot.run(CallTableTask_Robot.java:53)
	at java.lang.Thread.run(Thread.java:748)
###########UUID:c2916d77-a56c-440d-ab39-8b59c4375bda**********
$$$$$$$bd31f295-626e-4017-8a3f-752af55ba77e&&&&&&&
LY20181010000002
Speech:{result:"nomatch",speech:""}
count=0
Speech:{result:"nomatch",speech:""}
count=1
Speech:{result:"nomatch",speech:""}
count=2
Speech:{result:"nomatch",speech:""}
count=3
1851636872863cad469-35e0-4f30-bf5b-3d1ba8247e25_thread0
###########TIMEOUT**********
1851636872863cad469-35e0-4f30-bf5b-3d1ba8247e25_thread0
###########TIMEOUT**********
1801863450263cad469-35e0-4f30-bf5b-3d1ba8247e25_thread0
###########UUID:679c54e4-fa77-4f57-9516-381ce819b961**********
$$$$$$$bd31f295-626e-4017-8a3f-752af55ba77e&&&&&&&
LY20181010000002
1801863450263cad469-35e0-4f30-bf5b-3d1ba8247e25_thread0
###########FAILED**********
1885830645763cad469-35e0-4f30-bf5b-3d1ba8247e25_thread0
###########FAILED**********
1801863450263cad469-35e0-4f30-bf5b-3d1ba8247e25_thread0
###########FAILED**********
PONG
1896474709263cad469-35e0-4f30-bf5b-3d1ba8247e25_thread0
###########UUID:6527195b-8e6a-439e-a7d0-281b6b294f05**********
$$$$$$$bd31f295-626e-4017-8a3f-752af55ba77e&&&&&&&
LY20181010000002
Speech:{result:"nomatch",speech:""}
count=0
Speech:{result:"nomatch",speech:""}
count=1
Speech:{result:"nomatch",speech:""}
count=2
Speech:{result:"nomatch",speech:""}
count=3
1801863450263cad469-35e0-4f30-bf5b-3d1ba8247e25_thread0
###########UUID:7eb82129-cce1-497b-ae35-6e10aa0dd148**********
$$$$$$$bd31f295-626e-4017-8a3f-752af55ba77e&&&&&&&
LY20181010000002
Speech:null
count=0
disconnect
disconnect
1801863450263cad469-35e0-4f30-bf5b-3d1ba8247e25_thread1
###########UUID:ae99b144-3dcb-4488-962c-69e3d5966b2d**********
$$$$$$$bd31f295-626e-4017-8a3f-752af55ba77e&&&&&&&
LY20181010000002
disconnect
disconnect
1801863450263cad469-35e0-4f30-bf5b-3d1ba8247e25_thread1
###########UUID:1b36e132-5ace-4bd4-8c6f-66ce35fc510d**********
$$$$$$$bd31f295-626e-4017-8a3f-752af55ba77e&&&&&&&
LY20181010000002
Speech:{result:"nomatch",speech:""}
count=0
Speech:{result:"nomatch",speech:""}
count=1
Speech:{result:"nomatch",speech:""}
count=2
Speech:{result:"nomatch",speech:""}
count=3
disconnect
1801863450263cad469-35e0-4f30-bf5b-3d1ba8247e25_thread1
###########UUID:dcf79d2c-0fcb-4340-b386-c6b930ca17b1**********
$$$$$$$bd31f295-626e-4017-8a3f-752af55ba77e&&&&&&&
LY20181010000002
Speech:{result:"nomatch",speech:""}
count=0
Speech:{result:"nomatch",speech:""}
count=1
1885830645763cad469-35e0-4f30-bf5b-3d1ba8247e25_thread1
Speech:{result:"nomatch",speech:""}
count=2
###########UUID:ed224f65-3c82-4054-97ac-104340e0d712**********
$$$$$$$bd31f295-626e-4017-8a3f-752af55ba77e&&&&&&&
LY20181010000002
Speech:null
count=3
disconnect
disconnect
Speech:null
count=0
disconnect
disconnect
PONG
1801863450263cad469-35e0-4f30-bf5b-3d1ba8247e25_thread0
###########UUID:ecb6f62c-40f5-4586-8ef9-2875cd8c7663**********
$$$$$$$bd31f295-626e-4017-8a3f-752af55ba77e&&&&&&&
LY20181010000002
Speech:{result:"nomatch",speech:""}
count=0
Speech:{result:"nomatch",speech:""}
count=1
Speech:{result:"nomatch",speech:""}
count=2
Speech:null
count=3
disconnect
disconnect
1801863450263cad469-35e0-4f30-bf5b-3d1ba8247e25_thread0
###########UUID:ad02fb9c-bd9d-4d7d-be4e-026d587364bf**********
$$$$$$$bd31f295-626e-4017-8a3f-752af55ba77e&&&&&&&
LY20181010000002
Speech:{result:"nomatch",speech:""}
count=0
Speech:{result:"nomatch",speech:""}
count=1
Speech:{result:"nomatch",speech:""}
count=2
Speech:null
count=3
disconnect
disconnect
1801863450263cad469-35e0-4f30-bf5b-3d1ba8247e25_thread0
###########UUID:1c091a18-1f7b-4934-9ed3-c15070a46539**********
$$$$$$$bd31f295-626e-4017-8a3f-752af55ba77e&&&&&&&
LY20181010000002
1885830645763cad469-35e0-4f30-bf5b-3d1ba8247e25_thread1
###########UUID:ab42aacc-57f7-4122-b586-6b0b7c844d18**********
$$$$$$$bd31f295-626e-4017-8a3f-752af55ba77e&&&&&&&
LY20181010000002
Speech:{result:"text",speech:"那家公司"}
count=0
Speech:{result:"text",speech:"你们有什么介绍资料吗"}
LY20181025000005
Speech:{result:"nomatch",speech:""}
count=0
Speech:{result:"text",speech:"付款方式如何"}
LY20181025000008
Speech:{result:"nomatch",speech:""}
count=1
Speech:{result:"text",speech:"优惠码如何使用"}
LY20181025000009
Speech:{result:"nomatch",speech:""}
count=2
Speech:{result:"text",speech:"什么是电器里面"}
count=1
Speech:{result:"nomatch",speech:""}
count=3
Speech:{result:"text",speech:"你们客服电话多少"}
LY20181025000013
Speech:{result:"text",speech:"你是谁"}
LY20181025000001
Speech:{result:"text",speech:"你们公司什么时候成立的"}
LY20181025000002
Speech:null
count=2
disconnect
disconnect
1801863450263cad469-35e0-4f30-bf5b-3d1ba8247e25_thread1
###########UUID:d38a499b-6e0d-4bf6-a8d8-8b25878c7e90**********
$$$$$$$bd31f295-626e-4017-8a3f-752af55ba77e&&&&&&&
LY20181010000002
Speech:{result:"text",speech:"付款方式怎样"}
count=0
1885830645763cad469-35e0-4f30-bf5b-3d1ba8247e25_thread1
Speech:{result:"text",speech:"付款方式如何"}
LY20181025000008
###########UUID:8c91d1a4-bab9-4b87-9acb-7aa6a1b6b230**********
$$$$$$$bd31f295-626e-4017-8a3f-752af55ba77e&&&&&&&
LY20181010000002
Speech:{result:"text",speech:"优惠码如何使用"}
LY20181025000009
1896474709263cad469-35e0-4f30-bf5b-3d1ba8247e25_thread1
Speech:{result:"text",speech:"啊好的我又进去"}
count=1
Speech:{result:"nomatch",speech:""}
count=0
Speech:{result:"text",speech:"好的我明白了"}
count=2
Speech:{result:"nomatch",speech:""}
count=1
Speech:{result:"text",speech:"我知道了"}
count=3
Speech:{result:"nomatch",speech:""}
count=2
###########UUID:5db3c37f-76a0-4ccd-95a2-1735f7072837**********
$$$$$$$bd31f295-626e-4017-8a3f-752af55ba77e&&&&&&&
LY20181010000002
Speech:{result:"nomatch",speech:""}
count=3
Speech:{result:"nomatch",speech:""}
count=0
Speech:{result:"nomatch",speech:""}
count=1
Speech:null
count=2
disconnect
disconnect
1801863450263cad469-35e0-4f30-bf5b-3d1ba8247e25_thread1
###########UUID:c159e08e-636d-4288-b8dc-88866a29a685**********
$$$$$$$bd31f295-626e-4017-8a3f-752af55ba77e&&&&&&&
LY20181010000002
Speech:{result:"text",speech:"表单我没有用吧"}
LY20181025000018
1896474709263cad469-35e0-4f30-bf5b-3d1ba8247e25_thread1
Speech:{result:"text",speech:"好的明白了"}
count=0
Speech:{result:"nomatch",speech:""}
count=1
Speech:{result:"text",speech:"需要的"}
count=2
###########UUID:10f7f3d8-a322-4f88-8f64-f4096585c3f6**********
$$$$$$$bd31f295-626e-4017-8a3f-752af55ba77e&&&&&&&
LY20181010000002
Speech:null
count=3
disconnect
disconnect
Speech:{result:"nomatch",speech:""}
count=0
1896474709263cad469-35e0-4f30-bf5b-3d1ba8247e25_thread1
Speech:{result:"nomatch",speech:""}
count=1
Speech:null
count=2
disconnect
disconnect
###########UUID:a7e5250f-eb7d-4aaf-b8a0-ddc11ccb96e8**********
$$$$$$$bd31f295-626e-4017-8a3f-752af55ba77e&&&&&&&
LY20181010000002
Speech:{result:"nomatch",speech:""}
count=0
Speech:{result:"nomatch",speech:""}
count=1
Speech:{result:"nomatch",speech:""}
count=2
1885830645763cad469-35e0-4f30-bf5b-3d1ba8247e25_thread1
Speech:{result:"nomatch",speech:""}
count=3
###########UUID:678a2a7e-cfb8-40a0-9cd0-1fb4bac5e9c6**********
$$$$$$$bd31f295-626e-4017-8a3f-752af55ba77e&&&&&&&
LY20181010000002
Speech:{result:"nomatch",speech:""}
count=0
Speech:{result:"nomatch",speech:""}
count=1
Speech:{result:"nomatch",speech:""}
count=2
Speech:{result:"nomatch",speech:""}
count=3
1896474709263cad469-35e0-4f30-bf5b-3d1ba8247e25_thread1
###########UUID:dfe2f421-7d43-43f7-92af-a3fcb16438b5**********
$$$$$$$bd31f295-626e-4017-8a3f-752af55ba77e&&&&&&&
LY20181010000002
Speech:{result:"text",speech:"付款方式怎么样"}
count=0
Speech:{result:"text",speech:"付款方式和"}
count=1
Speech:{result:"text",speech:"优惠码如何使用"}
LY20181025000009
Speech:{result:"nomatch",speech:""}
count=2
Speech:{result:"text",speech:"有没有什么资料介绍吗"}
LY20181025000018
Speech:{result:"text",speech:"什么是电器"}
count=3
1801863450263cad469-35e0-4f30-bf5b-3d1ba8247e25_thread0
1896474709263cad469-35e0-4f30-bf5b-3d1ba8247e25_thread1
###########UUID:0484ec3e-24c0-4632-860c-062f7a08ba6c**********
$$$$$$$bd31f295-626e-4017-8a3f-752af55ba77e&&&&&&&
LY20181010000002
###########UUID:61261177-10b3-4784-a2b5-c181a397d76c**********
$$$$$$$bd31f295-626e-4017-8a3f-752af55ba77e&&&&&&&
LY20181010000002
Speech:{result:"nomatch",speech:""}
count=0
Speech:{result:"nomatch",speech:""}
count=0
Speech:{result:"nomatch",speech:""}
count=1
Speech:{result:"nomatch",speech:""}
count=1
Speech:null
count=2
disconnect
disconnect
Speech:{result:"nomatch",speech:""}
count=2
Speech:{result:"nomatch",speech:""}
count=3
1885830645763cad469-35e0-4f30-bf5b-3d1ba8247e25_thread0
1801863450263cad469-35e0-4f30-bf5b-3d1ba8247e25_thread1
###########UUID:8628b388-cfd9-4629-a7d6-d61d72b16ffe**********
$$$$$$$bd31f295-626e-4017-8a3f-752af55ba77e&&&&&&&
LY20181010000002
1896474709263cad469-35e0-4f30-bf5b-3d1ba8247e25_thread1
###########UUID:b0adfe3e-367f-4bf9-aecf-f32105d9bbd7**********
$$$$$$$bd31f295-626e-4017-8a3f-752af55ba77e&&&&&&&
LY20181010000002
Speech:{result:"text",speech:"付款方式如何"}
LY20181025000008
Speech:{result:"nomatch",speech:""}
count=0
Speech:null
count=1
disconnect
disconnect
###########UUID:a2f4e6b4-cfed-4256-a6ff-7b25b337a862**********
$$$$$$$bd31f295-626e-4017-8a3f-752af55ba77e&&&&&&&
LY20181010000002
Speech:{result:"nomatch",speech:""}
count=0
Speech:null
count=1
disconnect
disconnect
Speech:{result:"nomatch",speech:""}
count=0
Speech:{result:"nomatch",speech:""}
count=1
Speech:null
count=2
disconnect
disconnect
PONG
1896474709263cad469-35e0-4f30-bf5b-3d1ba8247e25_thread0
###########UUID:45c657bb-a765-4f50-bd55-302f4a2a864d**********
$$$$$$$bd31f295-626e-4017-8a3f-752af55ba77e&&&&&&&
LY20181010000002
1885830645763cad469-35e0-4f30-bf5b-3d1ba8247e25_thread0
1801863450263cad469-35e0-4f30-bf5b-3d1ba8247e25_thread1
Speech:{result:"nomatch",speech:""}
count=0
###########UUID:ab8b41d2-5927-4138-ab40-35fdc2cffaf3**********
$$$$$$$bd31f295-626e-4017-8a3f-752af55ba77e&&&&&&&
LY20181010000002
1896474709263cad469-35e0-4f30-bf5b-3d1ba8247e25_thread0
Speech:{result:"nomatch",speech:""}
count=1
Speech:{result:"nomatch",speech:""}
count=2
###########TIMEOUT**********
Speech:{result:"nomatch",speech:""}
count=0
Speech:{result:"nomatch",speech:""}
count=3
Speech:{result:"nomatch",speech:""}
count=1
###########TIMEOUT**********
Speech:{result:"nomatch",speech:""}
count=2
Speech:{result:"nomatch",speech:""}
count=3
1885830645763cad469-35e0-4f30-bf5b-3d1ba8247e25_thread0
###########UUID:1f433713-5544-4d2b-82f1-2ff1d93c202f**********
$$$$$$$bd31f295-626e-4017-8a3f-752af55ba77e&&&&&&&
LY20181010000002
Speech:null
count=0
disconnect
disconnect
1885830645763cad469-35e0-4f30-bf5b-3d1ba8247e25_thread0
###########UUID:9cfd91e0-7330-4a4a-870c-c929805990e3**********
$$$$$$$bd31f295-626e-4017-8a3f-752af55ba77e&&&&&&&
LY20181010000002
1801863450263cad469-35e0-4f30-bf5b-3d1ba8247e25_thread0
Speech:{result:"nomatch",speech:""}
count=0
Speech:{result:"text",speech:"你是哪里"}
LY20181025000001
###########UUID:d10fc94f-2e95-4647-a3ad-33abe1705146**********
$$$$$$$bd31f295-626e-4017-8a3f-752af55ba77e&&&&&&&
LY20181010000002
Speech:{result:"text",speech:"你们公司什么时候成立的"}
LY20181025000002
Speech:{result:"text",speech:"你是哪里"}
LY20181025000001
Speech:{result:"text",speech:"付款方式如何"}
LY20181025000008
Speech:{result:"text",speech:"你们是从哪里打电话过来呗"}
count=1
Speech:{result:"nomatch",speech:""}
count=2
Speech:{result:"text",speech:"优惠码如何使用"}
LY20181025000009
Speech:{result:"text",speech:"你们是从哪里打电话过来"}
count=3
Speech:{result:"text",speech:"你们客服电话多少"}
LY20181025000013
Speech:{result:"nomatch",speech:""}
count=0
1896474709263cad469-35e0-4f30-bf5b-3d1ba8247e25_thread0
Speech:null
count=1
disconnect
disconnect
###########UUID:6f0d8b37-2bad-4154-8fc0-15fa8c073cc1**********
$$$$$$$bd31f295-626e-4017-8a3f-752af55ba77e&&&&&&&
LY20181010000002
Speech:{result:"nomatch",speech:""}
count=0
1801863450263cad469-35e0-4f30-bf5b-3d1ba8247e25_thread0
Speech:{result:"nomatch",speech:""}
count=1
Speech:{result:"nomatch",speech:""}
count=2
###########UUID:2f96e1ef-fbc3-4cd2-94d9-0852c08be4ab**********
$$$$$$$bd31f295-626e-4017-8a3f-752af55ba77e&&&&&&&
LY20181010000002
Speech:{result:"text",speech:"去哪里"}
count=0
Speech:{result:"nomatch",speech:""}
count=3
Speech:{result:"text",speech:"嗯是哪家公司"}
LY20181025000001
Speech:{result:"text",speech:"你们是从哪里打电话过来的"}
LY20181025000003
Speech:{result:"nomatch",speech:""}
count=1
Speech:{result:"text",speech:"付款方式如何"}
LY20181025000008
Speech:{result:"text",speech:"优惠码如何使用"}
LY20181025000009
Speech:{result:"text",speech:"什么水电气死掉"}
count=2
Speech:{result:"text",speech:"什么是电器服了"}
count=3
1801863450263cad469-35e0-4f30-bf5b-3d1ba8247e25_thread0
###########UUID:5df25e71-57a8-4652-9c3e-bd61e8e62755**********
$$$$$$$bd31f295-626e-4017-8a3f-752af55ba77e&&&&&&&
LY20181010000002
Speech:{result:"nomatch",speech:""}
count=0
Speech:{result:"nomatch",speech:""}
count=1
Speech:{result:"nomatch",speech:""}
count=2
Speech:null
count=3
disconnect
disconnect
1801863450263cad469-35e0-4f30-bf5b-3d1ba8247e25_thread0
###########UUID:7de34559-50df-4b19-8066-9edb4a52e9e1**********
$$$$$$$bd31f295-626e-4017-8a3f-752af55ba77e&&&&&&&
LY20181010000002
Speech:{result:"text",speech:"对"}
count=0
Speech:{result:"text",speech:"你是谁"}
LY20181025000001
Speech:{result:"text",speech:"付款方式如何"}
LY20181025000008
Speech:{result:"text",speech:"智慧吧如何使用"}
count=1
Speech:{result:"text",speech:"智慧吗如何使用"}
count=2
Speech:{result:"text",speech:"优惠码如何使用"}
LY20181025000009
Speech:{result:"text",speech:"公司什么时候成立的"}
count=3
1896474709263cad469-35e0-4f30-bf5b-3d1ba8247e25_thread0
###########UUID:70190a7d-8a0f-450e-ae1e-1ca32f07c8e2**********
$$$$$$$bd31f295-626e-4017-8a3f-752af55ba77e&&&&&&&
LY20181010000002
Speech:{result:"nomatch",speech:""}
count=0
Speech:{result:"nomatch",speech:""}
count=1
Speech:null
count=2
disconnect
disconnect
1801863450263cad469-35e0-4f30-bf5b-3d1ba8247e25_thread0
###########UUID:cd3abe3d-116f-465e-9405-56465638be57**********
$$$$$$$bd31f295-626e-4017-8a3f-752af55ba77e&&&&&&&
LY20181010000002
Speech:{result:"nomatch",speech:""}
count=0
Speech:{result:"nomatch",speech:""}
count=1
Speech:{result:"nomatch",speech:""}
count=2
Speech:null
count=3
disconnect
disconnect

线程map长度：0
队列map长度：0
Error: Unable to access jarfile Startegy_Diale.jar
PONG
PONG

线程map长度：0
队列map长度：0
1801863450263cad469-35e0-4f30-bf5b-3d1ba8247e25_thread1
null63cad469-35e0-4f30-bf5b-3d1ba8247e25_thread0
java.lang.NullPointerException
	at org.freeswitch.esl.client.dialer.originate(dialer.java:124)
	at org.freeswitch.esl.client.dialer.originate(dialer.java:96)
	at com.strategy.call.CallTableTask_Robot.run(CallTableTask_Robot.java:53)
	at java.lang.Thread.run(Thread.java:748)
###########UUID:d2d87c93-c21d-4638-b565-9bca12c5a7d2**********
$$$$$$$bd31f295-626e-4017-8a3f-752af55ba77e&&&&&&&
LY20181010000002
Speech:{result:"text",speech:"喂"}
count=0
Speech:{result:"nomatch",speech:""}
count=1
Speech:{result:"nomatch",speech:""}
count=2
Speech:{result:"text",speech:"呃你们是哪里"}
LY20181025000001
Speech:{result:"text",speech:"付款方式如何"}
LY20181025000008
Speech:{result:"nomatch",speech:""}
count=3
1801863450263cad469-35e0-4f30-bf5b-3d1ba8247e25_thread1
###########UUID:38a3c448-5992-459c-9c0b-4beb2fba1ee5**********
$$$$$$$bd31f295-626e-4017-8a3f-752af55ba77e&&&&&&&
LY20181010000002
Speech:{result:"nomatch",speech:""}
count=0
Speech:null
count=1
disconnect
disconnect
1801863450263cad469-35e0-4f30-bf5b-3d1ba8247e25_thread1
###########UUID:c416dc95-d21f-45c8-b4b6-97593e4dcf23**********
$$$$$$$bd31f295-626e-4017-8a3f-752af55ba77e&&&&&&&
LY20181010000002
Speech:{result:"nomatch",speech:""}
count=0
Speech:{result:"nomatch",speech:""}
count=1
Speech:{result:"nomatch",speech:""}
count=2
Speech:{result:"nomatch",speech:""}
count=3
PONG
1801863450263cad469-35e0-4f30-bf5b-3d1ba8247e25_thread0
###########UUID:d63e165f-a161-4f6f-a979-b1df07d25611**********
$$$$$$$bd31f295-626e-4017-8a3f-752af55ba77e&&&&&&&
LY20181010000002
Speech:{result:"nomatch",speech:""}
count=0
Speech:{result:"nomatch",speech:""}
count=1
Speech:{result:"text",speech:"你是哪里"}
LY20181025000001
Speech:{result:"nomatch",speech:""}
count=2
Speech:{result:"text",speech:"付款方式如何"}
LY20181025000008
Speech:{result:"text",speech:"没有什么技术资料吗"}
LY20181025000018
Speech:{result:"text",speech:"你们有什么资料吗"}
count=3
1896474709263cad469-35e0-4f30-bf5b-3d1ba8247e25_thread0
###########UUID:c13110c2-b868-486a-9e96-8beae70e6881**********
$$$$$$$bd31f295-626e-4017-8a3f-752af55ba77e&&&&&&&
LY20181010000002
Speech:{result:"text",speech:"喂喂"}
count=0
Speech:{result:"text",speech:"你们是哪里"}
LY20181025000001
Speech:{result:"text",speech:"你们客服电话多少"}
LY20181025000013
Speech:{result:"text",speech:"你们公司什么时候处理的"}
count=1
Speech:{result:"text",speech:"付款方式如何"}
LY20181025000008
Speech:{result:"text",speech:"不需要"}
LY20181025000018
Speech:{result:"nomatch",speech:""}
count=2
Speech:{result:"nomatch",speech:""}
count=3
1801863450263cad469-35e0-4f30-bf5b-3d1ba8247e25_thread0
###########UUID:7f915c5c-aca1-4fc3-8840-189919a52e78**********
$$$$$$$bd31f295-626e-4017-8a3f-752af55ba77e&&&&&&&
LY20181010000002
Speech:{result:"text",speech:"喂"}
count=0
Speech:{result:"text",speech:"你们有什么介绍资料吗"}
LY20181025000005
Speech:{result:"text",speech:"怎么在黑卡价是什么意思"}
count=1
Speech:{result:"nomatch",speech:""}
count=2
Speech:{result:"text",speech:"那黑卡价是什么意思"}
count=3
1885830645763cad469-35e0-4f30-bf5b-3d1ba8247e25_thread0
###########UUID:a81ae808-5583-4236-b73d-a90c09ee825d**********
$$$$$$$bd31f295-626e-4017-8a3f-752af55ba77e&&&&&&&
LY20181010000002
Speech:{result:"text",speech:"你哪里"}
count=0
1896474709263cad469-35e0-4f30-bf5b-3d1ba8247e25_thread0
Speech:{result:"text",speech:"我有用"}
LY20181011000001
###########UUID:0da5cf4f-7b64-4adc-82fb-52c0dcb35c59**********
$$$$$$$bd31f295-626e-4017-8a3f-752af55ba77e&&&&&&&
LY20181010000002
Speech:{result:"nomatch",speech:""}
count=0
Speech:{result:"text",speech:"有没有什么介绍资料吗"}
LY20181025000018
Speech:{result:"text",speech:"嗯你哪里"}
count=1
Speech:{result:"nomatch",speech:""}
count=2
1885830645763cad469-35e0-4f30-bf5b-3d1ba8247e25_thread0
Speech:{result:"nomatch",speech:""}
count=3
###########UUID:e6392fcc-a19f-4398-a929-3e9d3c2130f6**********
$$$$$$$bd31f295-626e-4017-8a3f-752af55ba77e&&&&&&&
LY20181010000002
Speech:{result:"nomatch",speech:""}
count=0
Speech:{result:"nomatch",speech:""}
count=1
Speech:{result:"nomatch",speech:""}
count=2
Speech:{result:"nomatch",speech:""}
count=3
1896474709263cad469-35e0-4f30-bf5b-3d1ba8247e25_thread0
###########UUID:3fe134e6-ba95-4750-803b-120080260bca**********
$$$$$$$bd31f295-626e-4017-8a3f-752af55ba77e&&&&&&&
LY20181010000002
Speech:{result:"nomatch",speech:""}
count=0
Speech:{result:"text",speech:"你声音和保听"}
count=1
Speech:{result:"text",speech:"你们从哪里打电话过来的"}
count=2
Speech:{result:"text",speech:"付款方式如何"}
LY20181025000008
Speech:{result:"text",speech:"不需要"}
LY20181025000018
Speech:{result:"nomatch",speech:""}
count=3
1885830645763cad469-35e0-4f30-bf5b-3d1ba8247e25_thread0
###########UUID:461f0fff-de68-43f7-be37-44a85827eec2**********
$$$$$$$bd31f295-626e-4017-8a3f-752af55ba77e&&&&&&&
LY20181010000002
Speech:{result:"text",speech:"对呀"}
count=0
Speech:{result:"text",speech:"有需要"}
LY20181011000001
1885830645763cad469-35e0-4f30-bf5b-3d1ba8247e25_thread1
###########UUID:fe42f6c6-a8ce-4f91-8262-914f79ed234d**********
$$$$$$$bd31f295-626e-4017-8a3f-752af55ba77e&&&&&&&
LY20181010000002
Speech:{result:"text",speech:"有需要"}
LY20181011000001

线程map长度：0
队列map长度：0
PONG
1896474709263cad469-35e0-4f30-bf5b-3d1ba8247e25_thread0
###########UUID:b3803f59-f3d0-440f-a315-04652164b71a**********
$$$$$$$bd31f295-626e-4017-8a3f-752af55ba77e&&&&&&&
LY20181010000002
Speech:{result:"text",speech:"优惠码如何使用"}
LY20181025000009
Speech:{result:"text",speech:"你是机器人吗"}
LY20181025000026
Speech:{result:"text",speech:"付款方式如何"}
LY20181025000008
Speech:{result:"nomatch",speech:""}
count=0
Speech:{result:"text",speech:"不需要"}
LY20181025000018
Speech:{result:"nomatch",speech:""}
count=1
Speech:{result:"nomatch",speech:""}
count=2
Speech:{result:"text",speech:"用的不多用的不多"}
count=3

线程map长度：0
队列map长度：0

线程map长度：0
队列map长度：0

线程map长度：0
队列map长度：0
1352463092263cad469-35e0-4f30-bf5b-3d1ba8247e25_thread1
null63cad469-35e0-4f30-bf5b-3d1ba8247e25_thread0
java.lang.NullPointerException
	at org.freeswitch.esl.client.dialer.originate(dialer.java:124)
	at org.freeswitch.esl.client.dialer.originate(dialer.java:96)
	at com.strategy.call.CallTableTask_Robot.run(CallTableTask_Robot.java:53)
	at java.lang.Thread.run(Thread.java:748)
###########TIMEOUT**********
1383583121263cad469-35e0-4f30-bf5b-3d1ba8247e25_thread1
###########UUID:f2c9667f-25e5-41ed-9691-5f07a052a6a6**********
$$$$$$$bd31f295-626e-4017-8a3f-752af55ba77e&&&&&&&
LY20181010000002
Speech:{result:"text",speech:"会的"}
count=0
Speech:{result:"text",speech:"会的"}
count=1
Speech:{result:"nomatch",speech:""}
count=2
Speech:{result:"text",speech:"喂听得到吗"}
count=3
1300320210563cad469-35e0-4f30-bf5b-3d1ba8247e25_thread1
###########UUID:d5fd557c-afb2-4e3c-9586-f071ce494918**********
$$$$$$$bd31f295-626e-4017-8a3f-752af55ba77e&&&&&&&
LY20181010000002
Speech:{result:"text",speech:"会的"}
count=0
Speech:{result:"nomatch",speech:""}
count=1
Speech:{result:"text",speech:"今天不行啊"}
count=2
Speech:{result:"nomatch",speech:""}
count=3

线程map长度：0
队列map长度：0
PONG
189647470927d2e662b-11c0-4036-be52-98ec0cf8bd65_thread0
###########UUID:6431fd58-142e-46ca-9480-ffde4221631b**********
$$$$$$$06b98b7b-81d0-4aff-9e48-507a8a39c3be&&&&&&&
LY20181108000001
Speech:{"result":"text","break":false,"speech":"没有"}
count=0
Speech:{"result":"text","break":false,"speech":"没有"}
count=1
Speech:{"result":"nomatch",break:false,"speech":""}
count=2
Speech:{"result":"nomatch",break:false,"speech":""}
count=3
189647470927d2e662b-11c0-4036-be52-98ec0cf8bd65_thread0
###########UUID:83328810-1d89-42e3-aadb-a24d54279b36**********
$$$$$$$06b98b7b-81d0-4aff-9e48-507a8a39c3be&&&&&&&
LY20181108000001
Speech:{"result":"text","break":false,"speech":"群文分期"}
count=0
Speech:{"result":"text","break":false,"speech":"苹果分期"}
count=1
Speech:{"result":"text","break":false,"speech":"利息怎么样"}
LY20181108000032
Speech:{"result":"text","break":false,"speech":"客服不专业"}
LY20181121000036
Speech:{"result":"text","break":false,"speech":"我需要贷款"}
count=2
Speech:{"result":"text","break":false,"speech":"我需要贷款"}
count=3
PONG
189647470927d2e662b-11c0-4036-be52-98ec0cf8bd65_thread0
###########UUID:d37d3cf4-9afc-4416-b316-c3238a294ea0**********
$$$$$$$06b98b7b-81d0-4aff-9e48-507a8a39c3be&&&&&&&
LY20181108000001
Speech:{"result":"nomatch",break:false,"speech":""}
count=0
Speech:{"result":"text","break":false,"speech":"利息怎么样"}
LY20181108000032
Speech:{"result":"nomatch",break:false,"speech":""}
count=1
Speech:{"result":"nomatch",break:true,"speech":""}
count=2
Speech:{"result":"text","break":false,"speech":"我需要贷款"}
LY20181108000002
Speech:null
count=3
disconnect
disconnect
188583064577d2e662b-11c0-4036-be52-98ec0cf8bd65_thread0
###########UUID:1e3bf792-2fa8-402b-996f-917bd039f827**********
$$$$$$$06b98b7b-81d0-4aff-9e48-507a8a39c3be&&&&&&&
LY20181108000001
Speech:{"result":"text","break":false,"speech":"有的"}
count=0
Speech:{"result":"nomatch",break:true,"speech":""}
count=1
Speech:{"result":"nomatch",break:false,"speech":""}
count=2
Speech:{"result":"text","break":false,"speech":"喂"}
count=3
188583064577d2e662b-11c0-4036-be52-98ec0cf8bd65_thread1
###########UUID:bfb77e79-7fed-4b6b-b91d-894dbeb40e1e**********
$$$$$$$06b98b7b-81d0-4aff-9e48-507a8a39c3be&&&&&&&
LY20181108000001
Speech:{"result":"text","break":false,"speech":"怎么申请"}
LY20181121000047
Speech:{"result":"text","break":false,"speech":"我现在比较忙"}
count=0
Speech:{"result":"text","break":false,"speech":"嗯在吗"}
count=1
Speech:{"result":"nomatch",break:false,"speech":""}
count=2
Speech:{"result":"text","break":false,"speech":"听不清"}
count=3
188583064577d2e662b-11c0-4036-be52-98ec0cf8bd65_thread1
###########UUID:59bd6558-d152-4252-95ed-4a9c5b7a3b75**********
$$$$$$$06b98b7b-81d0-4aff-9e48-507a8a39c3be&&&&&&&
LY20181108000001
Speech:{"result":"text","break":false,"speech":"不需要"}
count=0
Speech:{"result":"text","break":false,"speech":"不需要"}
count=1
Speech:{"result":"text","break":false,"speech":"不需要"}
count=2
Speech:{"result":"text","break":false,"speech":"不需要"}
count=3
188583064577d2e662b-11c0-4036-be52-98ec0cf8bd65_thread0
###########UUID:18ae0f0a-97bb-4623-9c9e-f564d7b47f93**********
$$$$$$$06b98b7b-81d0-4aff-9e48-507a8a39c3be&&&&&&&
LY20181108000001
Speech:{"result":"text","break":false,"speech":"嗯我不需要"}
LY20181108000003
Speech:{"result":"text","break":false,"speech":"嗯不需要"}
count=0
Speech:{"result":"text","break":false,"speech":"我不需要"}
LY20181108000024
Speech:{"result":"nomatch",break:false,"speech":""}
count=1
Speech:null
count=2
disconnect
disconnect
PONG
189647470927d2e662b-11c0-4036-be52-98ec0cf8bd65_thread0
###########UUID:ef685d25-9b69-420c-9369-4753e7f40b2a**********
$$$$$$$06b98b7b-81d0-4aff-9e48-507a8a39c3be&&&&&&&
LY20181108000001
Speech:{"result":"nomatch",break:false,"speech":""}
count=0
Speech:{"result":"text","break":false,"speech":"请问西"}
count=1
Speech:{"result":"text","break":false,"speech":"呃询问公司地址"}
LY20181121000026
disconnect
189647470927d2e662b-11c0-4036-be52-98ec0cf8bd65_thread0
###########UUID:7ac6767b-61ac-470c-b71a-d29583a1acaa**********
$$$$$$$06b98b7b-81d0-4aff-9e48-507a8a39c3be&&&&&&&
LY20181108000001
Speech:{"result":"text","break":false,"speech":"利息多少"}
LY20181108000032
Speech:{"result":"text","break":false,"speech":"信息安全"}
LY20181121000050
Speech:{"result":"text","break":false,"speech":"解释准备"}
count=0
Speech:{"result":"text","break":false,"speech":"解释省备"}
count=1
Speech:{"result":"text","break":false,"speech":"支持贷款的银行"}
count=2
Speech:{"result":"text","break":false,"speech":"支持贷款的银行"}
count=3
189647470927d2e662b-11c0-4036-be52-98ec0cf8bd65_thread1
###########UUID:5c11b68f-e65b-44ec-8cca-308458f55ade**********
$$$$$$$06b98b7b-81d0-4aff-9e48-507a8a39c3be&&&&&&&
LY20181108000001
Speech:{"result":"text","break":false,"speech":"利息多少"}
LY20181108000032
Speech:{"result":"text","break":false,"speech":"信息安全"}
LY20181121000050
Speech:{"result":"text","break":false,"speech":"我需要贷款"}
LY20181108000002
Speech:null
count=0
disconnect
disconnect
PONG
189647470927d2e662b-11c0-4036-be52-98ec0cf8bd65_thread0
###########UUID:aa14693e-890c-40d5-a243-3215e123735d**********
$$$$$$$06b98b7b-81d0-4aff-9e48-507a8a39c3be&&&&&&&
LY20181108000001
Speech:{"result":"nomatch",break:false,"speech":""}
m.find():=false
subjectidFlag:=true
subjectidif:=false
m.find():=false
subjectidFlag:=true
subjectidif:=false
m.find():=false
subjectidFlag:=true
subjectidif:=false
m.find():=false
subjectidFlag:=true
subjectidif:=false
m.find():=false
subjectidFlag:=true
subjectidif:=false
m.find():=false
subjectidFlag:=true
subjectidif:=false
m.find():=false
subjectidFlag:=true
subjectidif:=false
m.find():=false
subjectidFlag:=true
subjectidif:=false
m.find():=false
subjectidFlag:=true
subjectidif:=false
m.find():=false
subjectidFlag:=true
subjectidif:=false
m.find():=false
subjectidFlag:=true
subjectidif:=false
m.find():=false
subjectidFlag:=true
subjectidif:=false
m.find():=false
subjectidFlag:=true
subjectidif:=false
m.find():=false
subjectidFlag:=true
subjectidif:=false
m.find():=false
subjectidFlag:=true
subjectidif:=false
m.find():=false
subjectidFlag:=true
subjectidif:=false
m.find():=false
subjectidFlag:=true
subjectidif:=false
m.find():=false
subjectidFlag:=true
subjectidif:=false
m.find():=false
subjectidFlag:=true
subjectidif:=false
m.find():=false
subjectidFlag:=true
subjectidif:=false
m.find():=false
subjectidFlag:=true
subjectidif:=false
m.find():=false
subjectidFlag:=true
subjectidif:=false
m.find():=false
subjectidFlag:=true
subjectidif:=false
m.find():=false
subjectidFlag:=true
subjectidif:=false
m.find():=false
subjectidFlag:=true
subjectidif:=false
m.find():=false
subjectidFlag:=true
subjectidif:=false
m.find():=false
subjectidFlag:=true
subjectidif:=false
m.find():=false
subjectidFlag:=true
subjectidif:=false
m.find():=false
subjectidFlag:=true
subjectidif:=false
m.find():=false
subjectidFlag:=true
subjectidif:=false
m.find():=false
subjectidFlag:=true
subjectidif:=false
m.find():=false
subjectidFlag:=true
subjectidif:=false
m.find():=false
subjectidFlag:=true
subjectidif:=false
m.find():=false
subjectidFlag:=true
subjectidif:=false
m.find():=false
subjectidFlag:=true
subjectidif:=false
m.find():=false
subjectidFlag:=true
subjectidif:=false
m.find():=false
subjectidFlag:=true
subjectidif:=false
m.find():=false
subjectidFlag:=true
subjectidif:=true
m.find():=false
subjectidFlag:=true
subjectidif:=true
m.find():=false
subjectidFlag:=true
subjectidif:=true
m.find():=true
subjectidFlag:=false
subjectidif:=true
m.find():=false
subjectidFlag:=true
subjectidif:=true
m.find():=false
subjectidFlag:=false
subjectidif:=true
m.find():=false
subjectidFlag:=false
subjectidif:=true
m.find():=false
subjectidFlag:=false
subjectidif:=true
m.find():=true
subjectidFlag:=false
subjectidif:=true
m.find():=false
subjectidFlag:=false
subjectidif:=true
m.find():=true
subjectidFlag:=false
subjectidif:=true
m.find():=false
subjectidFlag:=false
subjectidif:=true
m.find():=true
subjectidFlag:=false
subjectidif:=true
m.find():=false
subjectidFlag:=false
subjectidif:=true
m.find():=false
subjectidFlag:=false
subjectidif:=true
m.find():=true
subjectidFlag:=false
subjectidif:=true
m.find():=false
subjectidFlag:=false
subjectidif:=true
m.find():=false
subjectidFlag:=false
subjectidif:=true
m.find():=true
subjectidFlag:=false
subjectidif:=true
count=0
Speech:{"result":"text","break":false,"speech":"利息多少"}
m.find():=true
subjectidFlag:=true
subjectidif:=false
m.find():=false
subjectidFlag:=true
subjectidif:=false
m.find():=false
subjectidFlag:=true
subjectidif:=false
m.find():=false
subjectidFlag:=true
subjectidif:=false
m.find():=false
subjectidFlag:=true
subjectidif:=false
m.find():=false
subjectidFlag:=true
subjectidif:=false
m.find():=false
subjectidFlag:=true
subjectidif:=false
m.find():=false
subjectidFlag:=true
subjectidif:=false
m.find():=false
subjectidFlag:=true
subjectidif:=false
m.find():=false
subjectidFlag:=true
subjectidif:=false
m.find():=false
subjectidFlag:=true
subjectidif:=false
m.find():=false
subjectidFlag:=true
subjectidif:=false
m.find():=false
subjectidFlag:=true
subjectidif:=false
m.find():=false
subjectidFlag:=true
subjectidif:=false
m.find():=false
subjectidFlag:=true
subjectidif:=false
m.find():=false
subjectidFlag:=true
subjectidif:=false
m.find():=false
subjectidFlag:=true
subjectidif:=false
m.find():=false
subjectidFlag:=true
subjectidif:=false
m.find():=false
subjectidFlag:=true
subjectidif:=false
m.find():=false
subjectidFlag:=true
subjectidif:=false
m.find():=false
subjectidFlag:=true
subjectidif:=false
m.find():=false
subjectidFlag:=true
subjectidif:=false
m.find():=false
subjectidFlag:=true
subjectidif:=false
m.find():=false
subjectidFlag:=true
subjectidif:=false
m.find():=false
subjectidFlag:=true
subjectidif:=false
m.find():=false
subjectidFlag:=true
subjectidif:=false
m.find():=false
subjectidFlag:=true
subjectidif:=false
m.find():=false
subjectidFlag:=true
subjectidif:=false
m.find():=false
subjectidFlag:=true
subjectidif:=false
m.find():=false
subjectidFlag:=true
subjectidif:=false
m.find():=false
subjectidFlag:=true
subjectidif:=false
m.find():=false
subjectidFlag:=true
subjectidif:=false
m.find():=false
subjectidFlag:=true
subjectidif:=false
m.find():=false
subjectidFlag:=true
subjectidif:=false
m.find():=false
subjectidFlag:=true
subjectidif:=false
m.find():=false
subjectidFlag:=true
subjectidif:=false
m.find():=false
subjectidFlag:=true
subjectidif:=false
m.find():=false
subjectidFlag:=true
subjectidif:=true
m.find():=false
subjectidFlag:=true
subjectidif:=true
m.find():=false
subjectidFlag:=true
subjectidif:=true
m.find():=true
subjectidFlag:=false
subjectidif:=true
m.find():=false
subjectidFlag:=true
subjectidif:=true
m.find():=false
subjectidFlag:=false
subjectidif:=true
m.find():=false
subjectidFlag:=false
subjectidif:=true
m.find():=false
subjectidFlag:=false
subjectidif:=true
m.find():=true
subjectidFlag:=false
subjectidif:=true
m.find():=false
subjectidFlag:=false
subjectidif:=true
m.find():=true
subjectidFlag:=false
subjectidif:=true
m.find():=false
subjectidFlag:=false
subjectidif:=true
m.find():=true
subjectidFlag:=false
subjectidif:=true
m.find():=false
subjectidFlag:=false
subjectidif:=true
m.find():=false
subjectidFlag:=false
subjectidif:=true
m.find():=true
subjectidFlag:=false
subjectidif:=true
m.find():=false
subjectidFlag:=false
subjectidif:=true
m.find():=false
subjectidFlag:=false
subjectidif:=true
m.find():=true
subjectidFlag:=false
subjectidif:=true
count=1
Speech:{"result":"nomatch",break:false,"speech":""}
m.find():=false
subjectidFlag:=true
subjectidif:=false
m.find():=false
subjectidFlag:=true
subjectidif:=false
m.find():=false
subjectidFlag:=true
subjectidif:=false
m.find():=false
subjectidFlag:=true
subjectidif:=false
m.find():=false
subjectidFlag:=true
subjectidif:=false
m.find():=false
subjectidFlag:=true
subjectidif:=false
m.find():=false
subjectidFlag:=true
subjectidif:=false
m.find():=false
subjectidFlag:=true
subjectidif:=false
m.find():=false
subjectidFlag:=true
subjectidif:=false
m.find():=false
subjectidFlag:=true
subjectidif:=false
m.find():=false
subjectidFlag:=true
subjectidif:=false
m.find():=false
subjectidFlag:=true
subjectidif:=false
m.find():=false
subjectidFlag:=true
subjectidif:=false
m.find():=false
subjectidFlag:=true
subjectidif:=false
m.find():=false
subjectidFlag:=true
subjectidif:=false
m.find():=false
subjectidFlag:=true
subjectidif:=false
m.find():=false
subjectidFlag:=true
subjectidif:=false
m.find():=false
subjectidFlag:=true
subjectidif:=false
m.find():=false
subjectidFlag:=true
subjectidif:=false
m.find():=false
subjectidFlag:=true
subjectidif:=false
m.find():=false
subjectidFlag:=true
subjectidif:=false
m.find():=false
subjectidFlag:=true
subjectidif:=false
m.find():=false
subjectidFlag:=true
subjectidif:=false
m.find():=false
subjectidFlag:=true
subjectidif:=false
m.find():=false
subjectidFlag:=true
subjectidif:=false
m.find():=false
subjectidFlag:=true
subjectidif:=false
m.find():=false
subjectidFlag:=true
subjectidif:=false
m.find():=false
subjectidFlag:=true
subjectidif:=false
m.find():=false
subjectidFlag:=true
subjectidif:=false
m.find():=false
subjectidFlag:=true
subjectidif:=false
m.find():=false
subjectidFlag:=true
subjectidif:=false
m.find():=false
subjectidFlag:=true
subjectidif:=false
m.find():=false
subjectidFlag:=true
subjectidif:=false
m.find():=false
subjectidFlag:=true
subjectidif:=false
m.find():=false
subjectidFlag:=true
subjectidif:=false
m.find():=false
subjectidFlag:=true
subjectidif:=false
m.find():=false
subjectidFlag:=true
subjectidif:=false
m.find():=false
subjectidFlag:=true
subjectidif:=true
m.find():=false
subjectidFlag:=true
subjectidif:=true
m.find():=false
subjectidFlag:=true
subjectidif:=true
m.find():=true
subjectidFlag:=false
subjectidif:=true
m.find():=false
subjectidFlag:=true
subjectidif:=true
m.find():=false
subjectidFlag:=false
subjectidif:=true
m.find():=false
subjectidFlag:=false
subjectidif:=true
m.find():=false
subjectidFlag:=false
subjectidif:=true
m.find():=true
subjectidFlag:=false
subjectidif:=true
m.find():=false
subjectidFlag:=false
subjectidif:=true
m.find():=true
subjectidFlag:=false
subjectidif:=true
m.find():=false
subjectidFlag:=false
subjectidif:=true
m.find():=true
subjectidFlag:=false
subjectidif:=true
m.find():=false
subjectidFlag:=false
subjectidif:=true
m.find():=false
subjectidFlag:=false
subjectidif:=true
m.find():=true
subjectidFlag:=false
subjectidif:=true
m.find():=false
subjectidFlag:=false
subjectidif:=true
m.find():=false
subjectidFlag:=false
subjectidif:=true
m.find():=true
subjectidFlag:=false
subjectidif:=true
count=2
Speech:{"result":"text","break":false,"speech":"信息安全"}
m.find():=false
subjectidFlag:=true
subjectidif:=false
m.find():=false
subjectidFlag:=true
subjectidif:=false
m.find():=true
subjectidFlag:=true
subjectidif:=false
m.find():=false
subjectidFlag:=true
subjectidif:=false
m.find():=false
subjectidFlag:=true
subjectidif:=false
m.find():=false
subjectidFlag:=true
subjectidif:=false
m.find():=false
subjectidFlag:=true
subjectidif:=false
m.find():=false
subjectidFlag:=true
subjectidif:=false
m.find():=false
subjectidFlag:=true
subjectidif:=false
m.find():=false
subjectidFlag:=true
subjectidif:=false
m.find():=false
subjectidFlag:=true
subjectidif:=false
m.find():=false
subjectidFlag:=true
subjectidif:=false
m.find():=false
subjectidFlag:=true
subjectidif:=false
m.find():=false
subjectidFlag:=true
subjectidif:=false
m.find():=false
subjectidFlag:=true
subjectidif:=false
m.find():=false
subjectidFlag:=true
subjectidif:=false
m.find():=false
subjectidFlag:=true
subjectidif:=false
m.find():=false
subjectidFlag:=true
subjectidif:=false
m.find():=false
subjectidFlag:=true
subjectidif:=false
m.find():=false
subjectidFlag:=true
subjectidif:=false
m.find():=false
subjectidFlag:=true
subjectidif:=false
m.find():=false
subjectidFlag:=true
subjectidif:=false
m.find():=false
subjectidFlag:=true
subjectidif:=false
m.find():=false
subjectidFlag:=true
subjectidif:=false
m.find():=false
subjectidFlag:=true
subjectidif:=false
m.find():=false
subjectidFlag:=true
subjectidif:=false
m.find():=false
subjectidFlag:=true
subjectidif:=false
m.find():=false
subjectidFlag:=true
subjectidif:=false
m.find():=false
subjectidFlag:=true
subjectidif:=false
m.find():=false
subjectidFlag:=true
subjectidif:=false
m.find():=false
subjectidFlag:=true
subjectidif:=false
m.find():=false
subjectidFlag:=true
subjectidif:=false
m.find():=false
subjectidFlag:=true
subjectidif:=false
m.find():=false
subjectidFlag:=true
subjectidif:=false
m.find():=false
subjectidFlag:=true
subjectidif:=false
m.find():=false
subjectidFlag:=true
subjectidif:=false
m.find():=false
subjectidFlag:=true
subjectidif:=false
m.find():=false
subjectidFlag:=true
subjectidif:=true
m.find():=false
subjectidFlag:=true
subjectidif:=true
m.find():=false
subjectidFlag:=true
subjectidif:=true
m.find():=true
subjectidFlag:=false
subjectidif:=true
m.find():=false
subjectidFlag:=true
subjectidif:=true
m.find():=false
subjectidFlag:=false
subjectidif:=true
m.find():=false
subjectidFlag:=false
subjectidif:=true
m.find():=false
subjectidFlag:=false
subjectidif:=true
m.find():=true
subjectidFlag:=false
subjectidif:=true
m.find():=false
subjectidFlag:=false
subjectidif:=true
m.find():=true
subjectidFlag:=false
subjectidif:=true
m.find():=false
subjectidFlag:=false
subjectidif:=true
m.find():=true
subjectidFlag:=false
subjectidif:=true
m.find():=false
subjectidFlag:=false
subjectidif:=true
m.find():=false
subjectidFlag:=false
subjectidif:=true
m.find():=true
subjectidFlag:=false
subjectidif:=true
m.find():=false
subjectidFlag:=false
subjectidif:=true
m.find():=false
subjectidFlag:=false
subjectidif:=true
m.find():=true
subjectidFlag:=false
subjectidif:=true
count=3
PONG
189647470927d2e662b-11c0-4036-be52-98ec0cf8bd65_thread0
###########UUID:0573d702-b430-4607-99ee-2301c6e85d7b**********
$$$$$$$06b98b7b-81d0-4aff-9e48-507a8a39c3be&&&&&&&
LY20181108000001
Speech:{"result":"text","break":false,"speech":"内心多少"}
count=0
Speech:{"result":"text","break":false,"speech":"利息多少"}
count=1
Speech:{"result":"text","break":false,"speech":"我需要贷款"}
ResultWay:=046080d7-5baf-22bd-ef27-6be5ba487414
Intention:=肯定
Intention:=肯定
count=2
Speech:{"result":"text","break":false,"speech":"我需要贷款"}
ResultWay:=046080d7-5baf-22bd-ef27-6be5ba487414
Intention:=肯定
Intention:=肯定
count=3
PONG
189647470927d2e662b-11c0-4036-be52-98ec0cf8bd65_thread0
###########UUID:78470f84-b4d5-4f31-9b60-ca6a6940bc88**********
$$$$$$$06b98b7b-81d0-4aff-9e48-507a8a39c3be&&&&&&&
LY20181108000001
Speech:{"result":"text","break":false,"speech":"利息多少"}
LY20181108000032
Speech:{"result":"text","break":false,"speech":"我需要贷款"}
ResultWay:=046080d7-5baf-22bd-ef27-6be5ba487414
Intention:=肯定
Priority:=null
LY20181108000002
Speech:null
count=0
disconnect
disconnect

线程map长度：2
队列map长度：1

线程map长度：0
队列map长度：0
1851636872836d499bf-113b-4120-9d19-67a02a02588b_thread0
###########UUID:837cabf2-78e9-431a-be4a-df97101002dc**********
$$$$$$$799c78f2-b574-4527-98db-2c44cd6b3167&&&&&&&
LY20181122000002
Speech:{"result":"text","break":false,"speech":"啊没有"}
ResultWay:=f29c9ded-5cfd-703a-9fc1-363c1b2c255b
Intention:=肯定
Priority:=null
LY20181122000004
1885830645736d499bf-113b-4120-9d19-67a02a02588b_thread0
Speech:{"result":"nomatch",break:false,"speech":""}
ResultWay:=f29c9ded-5cfd-703a-9fc1-363c1b2c255b
Intention:=肯定
Priority:=null
LY20181122000004
###########UUID:f6572ff7-8da9-46a7-9097-a632836867a4**********
$$$$$$$799c78f2-b574-4527-98db-2c44cd6b3167&&&&&&&
LY20181122000002
Speech:{"result":"nomatch",break:false,"speech":""}
ResultWay:=f29c9ded-5cfd-703a-9fc1-363c1b2c255b
Intention:=肯定
Priority:=null
LY20181122000004
Speech:{"result":"text","break":false,"speech":"嗯没有"}
ResultWay:=f29c9ded-5cfd-703a-9fc1-363c1b2c255b
Intention:=肯定
Priority:=null
LY20181122000004
Speech:{"result":"text","break":false,"speech":"不要"}
ResultWay:=f29c9ded-5cfd-703a-9fc1-363c1b2c255b
Intention:=肯定
Priority:=null
LY20181122000004
Speech:null
ResultWay:=f29c9ded-5cfd-703a-9fc1-363c1b2c255b
Intention:=肯定
Priority:=null
LY20181122000004
disconnect
disconnect
Speech:{"result":"text","break":false,"speech":"不需要"}
ResultWay:=f29c9ded-5cfd-703a-9fc1-363c1b2c255b
Intention:=肯定
Priority:=null
LY20181122000004
Speech:{"result":"text","break":false,"speech":"我不需要"}
ResultWay:=f29c9ded-5cfd-703a-9fc1-363c1b2c255b
Intention:=肯定
Priority:=null
LY20181122000004
Speech:{"result":"text","break":false,"speech":"不需要"}
ResultWay:=f29c9ded-5cfd-703a-9fc1-363c1b2c255b
Intention:=肯定
Priority:=null
LY20181122000004
Speech:null
ResultWay:=f29c9ded-5cfd-703a-9fc1-363c1b2c255b
Intention:=肯定
Priority:=null
LY20181122000004
disconnect
disconnect
1851636872836d499bf-113b-4120-9d19-67a02a02588b_thread0
###########UUID:a0bc5ca6-cf82-4a53-a634-5c9217b7db06**********
$$$$$$$799c78f2-b574-4527-98db-2c44cd6b3167&&&&&&&
LY20181122000002
Speech:{"result":"text","break":false,"speech":"在开会"}
ResultWay:=f2308569-814a-9eb5-cc75-9212cb7dffd2
Intention:=在忙
Priority:=null
LY20181122000003
1851636872836d499bf-113b-4120-9d19-67a02a02588b_thread1
###########UUID:bf69b129-33c7-47cb-a0f3-39a733f72d39**********
$$$$$$$799c78f2-b574-4527-98db-2c44cd6b3167&&&&&&&
LY20181122000002
Speech:{"result":"text","break":false,"speech":"利率多少"}
count=0
Speech:{"result":"text","break":false,"speech":"利息多少"}
count=1
Speech:{"result":"nomatch",break:false,"speech":""}
count=2
Speech:null
count=3
disconnect
disconnect
1851636872836d499bf-113b-4120-9d19-67a02a02588b_thread0
###########UUID:4b475729-7b01-43fa-8e92-bd1a0ea051ae**********
$$$$$$$799c78f2-b574-4527-98db-2c44cd6b3167&&&&&&&
LY20181122000002
Speech:{"result":"text","break":false,"speech":"你是哪里"}
count=0
Speech:{"result":"text","break":false,"speech":"你是谁"}
count=1
Speech:{"result":"nomatch",break:false,"speech":""}
count=2
disconnect
1851636872836d499bf-113b-4120-9d19-67a02a02588b_thread0
###########UUID:4e5614a8-c4a7-4702-ac51-d4e8ba5bbbd3**********
$$$$$$$799c78f2-b574-4527-98db-2c44cd6b3167&&&&&&&
LY20181122000002
Speech:{"result":"text","break":false,"speech":"怎么办理"}
LY20181122000028
Speech:{"result":"text","break":false,"speech":"办卡免费吗"}
LY20181122000044
Speech:{"result":"text","break":false,"speech":"办卡要钱吗"}
count=0
Speech:{"result":"text","break":false,"speech":"能否它行还光大"}
count=1
Speech:null
count=2
disconnect
disconnect
1851636872836d499bf-113b-4120-9d19-67a02a02588b_thread1
###########UUID:5415f951-42f1-4b6e-a92f-f570118b26af**********
$$$$$$$799c78f2-b574-4527-98db-2c44cd6b3167&&&&&&&
LY20181122000002
Speech:{"result":"text","break":false,"speech":"办卡要钱吗"}
count=0
Speech:{"result":"text","break":false,"speech":"办卡免费吗"}
count=1
Speech:{"result":"nomatch",break:false,"speech":""}
count=2
Speech:{"result":"nomatch",break:false,"speech":""}
count=3
1851636872836d499bf-113b-4120-9d19-67a02a02588b_thread0
###########UUID:8841bb1f-d4d1-47a3-86c5-75821cad9732**********
$$$$$$$799c78f2-b574-4527-98db-2c44cd6b3167&&&&&&&
LY20181122000002
Speech:{"result":"text","break":false,"speech":"办卡要钱吗"}
count=0
Speech:{"result":"text","break":false,"speech":"办卡要钱吗"}
count=1
Speech:null
count=2
disconnect
disconnect
1851636872836d499bf-113b-4120-9d19-67a02a02588b_thread1
###########UUID:b0d12ddc-9435-4759-a7fa-f24107b3d1df**********
$$$$$$$799c78f2-b574-4527-98db-2c44cd6b3167&&&&&&&
LY20181122000002
Speech:{"result":"text","break":false,"speech":"要钱吗"}
count=0
Speech:{"result":"text","break":false,"speech":"办法要钱吗"}
count=1
Speech:null
count=2
disconnect
disconnect
1885830645736d499bf-113b-4120-9d19-67a02a02588b_thread1
###########UUID:6164e909-b464-4406-af8b-6df3557bff70**********
$$$$$$$799c78f2-b574-4527-98db-2c44cd6b3167&&&&&&&
LY20181122000002
Speech:{"result":"text","break":false,"speech":"看看要钱吗"}
count=0
Speech:{"result":"text","break":false,"speech":"那他要钱吗"}
count=1
Speech:null
count=2
disconnect
disconnect
1885830645736d499bf-113b-4120-9d19-67a02a02588b_thread0
###########UUID:e065277f-6412-42de-bdae-793826f58304**********
$$$$$$$799c78f2-b574-4527-98db-2c44cd6b3167&&&&&&&
LY20181122000002
Speech:{"result":"text","break":false,"speech":"哎还要钱吗"}
count=0
Speech:{"result":"text","break":false,"speech":"但卡免费的吗"}
count=1
Speech:null
count=2
disconnect
disconnect
1885830645736d499bf-113b-4120-9d19-67a02a02588b_thread0
###########UUID:9defc8df-60d2-47c9-a63a-051d2c2a0316**********
$$$$$$$799c78f2-b574-4527-98db-2c44cd6b3167&&&&&&&
LY20181122000002
Speech:{"result":"text","break":false,"speech":"要钱吗"}
count=0
Speech:{"result":"text","break":false,"speech":"换卡要钱吗"}
count=1
Speech:{"result":"nomatch",break:false,"speech":""}
count=2
Speech:{"result":"nomatch",break:false,"speech":""}
count=3
1851636872836d499bf-113b-4120-9d19-67a02a02588b_thread0
###########UUID:dc27484b-ffb4-4241-9326-60ad423385d1**********
$$$$$$$799c78f2-b574-4527-98db-2c44cd6b3167&&&&&&&
LY20181122000002
Speech:{"result":"nomatch",break:false,"speech":""}
count=0
Speech:{"result":"nomatch",break:false,"speech":""}
count=1
Speech:{"result":"text","break":true,"speech":"用"}
count=2
Speech:{"result":"text","break":false,"speech":"不用"}
count=3
1851636872836d499bf-113b-4120-9d19-67a02a02588b_thread0
###########UUID:9fea48b2-62a3-4ae5-babf-07e5dfd39545**********
$$$$$$$799c78f2-b574-4527-98db-2c44cd6b3167&&&&&&&
LY20181122000002
Speech:{"result":"text","break":false,"speech":"换卡免费吗"}
count=0
Speech:{"result":"text","break":false,"speech":"办卡要钱吗"}
count=1
Speech:{"result":"nomatch",break:true,"speech":""}
count=2
Speech:{"result":"text","break":false,"speech":"不用了"}
count=3

线程map长度：4
队列map长度：2

线程map长度：2
队列map长度：1

线程map长度：0
队列map长度：0
PONG

线程map长度：4
队列map长度：2
1885830645763cad469-35e0-4f30-bf5b-3d1ba8247e25_thread0
###########UUID:56e9d53c-f096-11e8-a3f6-857db5fcd8d3**********
$$$$$$$bd31f295-626e-4017-8a3f-752af55ba77e&&&&&&&
LY20181010000002
Speech:{"result":"text","break":false,"speech":"用的"}
count=0
Speech:{"result":"text","break":false,"speech":"用的"}
count=1
Speech:{"result":"nomatch",break:false,"speech":""}
count=2
Speech:{"result":"nomatch",break:false,"speech":""}
count=3
1885830645763cad469-35e0-4f30-bf5b-3d1ba8247e25_thread0
###########UUID:10b0c05c-f097-11e8-a402-857db5fcd8d3**********
$$$$$$$bd31f295-626e-4017-8a3f-752af55ba77e&&&&&&&
LY20181010000002
Speech:{"result":"nomatch",break:false,"speech":""}
count=0
Speech:{"result":"nomatch",break:false,"speech":""}
count=1
Speech:{"result":"text","break":false,"speech":"用的"}
count=2
Speech:{"result":"nomatch",break:false,"speech":""}
count=3
PONG

线程map长度：4
队列map长度：2

线程map长度：2
队列map长度：1

线程map长度：0
队列map长度：0
PONG
